C:\USERS\USER\DROPBOX\QLGHWP123\SOURCE\C++\EXAMPLE\04-2\DEBUG\POINT.OBJ
C:\USERS\USER\DROPBOX\QLGHWP123\SOURCE\C++\EXAMPLE\04-2\DEBUG\RECTANGLEFAULTFIND.OBJ
C:\USERS\USER\DROPBOX\QLGHWP123\SOURCE\C++\EXAMPLE\04-2\DEBUG\VC110.PDB
C:\USERS\USER\DROPBOX\QLGHWP123\SOURCE\C++\EXAMPLE\04-2\DEBUG\RECTANGLE.OBJ
C:\USERS\USER\DROPBOX\QLGHWP123\SOURCE\C++\EXAMPLE\04-2\DEBUG\04-2.ILK
C:\USERS\USER\DROPBOX\QLGHWP123\SOURCE\C++\EXAMPLE\04-2\DEBUG\04-2.EXE
C:\USERS\USER\DROPBOX\QLGHWP123\SOURCE\C++\EXAMPLE\04-2\DEBUG\04-2.PDB
C:\Users\user\Dropbox\qlghwp123\source\C++\example\04-2\Debug\Point.obj
C:\Users\user\Dropbox\qlghwp123\source\C++\example\04-2\Debug\Rectangle.obj
C:\Users\user\Dropbox\qlghwp123\source\C++\example\04-2\Debug\RectangleFaultFind.obj
C:\Users\user\Dropbox\qlghwp123\source\C++\example\04-2\Debug\04-2.ilk
C:\Users\user\Dropbox\qlghwp123\source\C++\example\04-2\Debug\cl.command.1.tlog
C:\Users\user\Dropbox\qlghwp123\source\C++\example\04-2\Debug\CL.read.1.tlog
C:\Users\user\Dropbox\qlghwp123\source\C++\example\04-2\Debug\CL.write.1.tlog
C:\Users\user\Dropbox\qlghwp123\source\C++\example\04-2\Debug\link-cvtres.read.1.tlog
C:\Users\user\Dropbox\qlghwp123\source\C++\example\04-2\Debug\link-cvtres.write.1.tlog
C:\Users\user\Dropbox\qlghwp123\source\C++\example\04-2\Debug\link-rc.read.1.tlog
C:\Users\user\Dropbox\qlghwp123\source\C++\example\04-2\Debug\link-rc.write.1.tlog
C:\Users\user\Dropbox\qlghwp123\source\C++\example\04-2\Debug\link.command.1.tlog
C:\Users\user\Dropbox\qlghwp123\source\C++\example\04-2\Debug\link.read.1.tlog
C:\Users\user\Dropbox\qlghwp123\source\C++\example\04-2\Debug\link.write.1.tlog
C:\Users\user\Dropbox\qlghwp123\source\C++\example\04-2\Debug\vc110.idb
C:\Users\user\Dropbox\qlghwp123\source\C++\example\04-2\Debug\04-2.pdb
C:\Users\user\Dropbox\qlghwp123\source\C++\example\04-2\Debug\vc110.pdb
C:\Users\user\Dropbox\qlghwp123\source\C++\example\04-2\Debug\04-2.exe
