C:\USERS\USER\DROPBOX\QLGHWP123\SOURCE\C++\PROJECT\7\DEBUG\ACCOUNT.OBJ
C:\USERS\USER\DROPBOX\QLGHWP123\SOURCE\C++\PROJECT\7\DEBUG\ACCOUNTHANDLER.OBJ
C:\USERS\USER\DROPBOX\QLGHWP123\SOURCE\C++\PROJECT\7\DEBUG\BANKINGSYSTEMMAIN.OBJ
C:\USERS\USER\DROPBOX\QLGHWP123\SOURCE\C++\PROJECT\7\DEBUG\VC110.PDB
C:\USERS\USER\DROPBOX\QLGHWP123\SOURCE\C++\PROJECT\7\DEBUG\7.ILK
C:\USERS\USER\DROPBOX\QLGHWP123\SOURCE\C++\PROJECT\7\DEBUG\7.EXE
C:\USERS\USER\DROPBOX\QLGHWP123\SOURCE\C++\PROJECT\7\DEBUG\7.PDB
C:\Users\user\Dropbox\qlghwp123\source\C++\project\7\Debug\Account.obj
C:\Users\user\Dropbox\qlghwp123\source\C++\project\7\Debug\AccountHandler.obj
C:\Users\user\Dropbox\qlghwp123\source\C++\project\7\Debug\BankingSystemMain.obj
C:\Users\user\Dropbox\qlghwp123\source\C++\project\7\Debug\7.ilk
C:\Users\user\Dropbox\qlghwp123\source\C++\project\7\Debug\cl.command.1.tlog
C:\Users\user\Dropbox\qlghwp123\source\C++\project\7\Debug\CL.read.1.tlog
C:\Users\user\Dropbox\qlghwp123\source\C++\project\7\Debug\CL.write.1.tlog
C:\Users\user\Dropbox\qlghwp123\source\C++\project\7\Debug\link-cvtres.read.1.tlog
C:\Users\user\Dropbox\qlghwp123\source\C++\project\7\Debug\link-cvtres.write.1.tlog
C:\Users\user\Dropbox\qlghwp123\source\C++\project\7\Debug\link-rc.read.1.tlog
C:\Users\user\Dropbox\qlghwp123\source\C++\project\7\Debug\link-rc.write.1.tlog
C:\Users\user\Dropbox\qlghwp123\source\C++\project\7\Debug\link.command.1.tlog
C:\Users\user\Dropbox\qlghwp123\source\C++\project\7\Debug\link.read.1.tlog
C:\Users\user\Dropbox\qlghwp123\source\C++\project\7\Debug\link.write.1.tlog
C:\Users\user\Dropbox\qlghwp123\source\C++\project\7\Debug\vc110.idb
C:\Users\user\Dropbox\qlghwp123\source\C++\project\7\Debug\7.pdb
C:\Users\user\Dropbox\qlghwp123\source\C++\project\7\Debug\vc110.pdb
C:\Users\user\Dropbox\qlghwp123\source\C++\project\7\Debug\7.exe
